<?xml version="1.0" encoding="UTF-8" standalone="no"?><?xml-stylesheet type="text/xsl" href="../../data/lexan.xsl"?><lexan><term lexeme="@" token="DATA"><location loc="1.1--1.1"/></term><term lexeme="nwkej" token="IDENTIFIER"><location loc="1.2--1.6"/></term><term lexeme="arr" token="ARR"><location loc="1.8--1.10"/></term><term lexeme="bool" token="BOOL"><location loc="1.12--1.15"/></term><term lexeme="char" token="CHAR"><location loc="1.17--1.20"/></term><term lexeme="del" token="DEL"><location loc="1.22--1.24"/></term><term lexeme="do" token="DO"><location loc="1.26--1.27"/></term><term lexeme="else" token="ELSE"><location loc="1.29--1.32"/></term><term lexeme="end" token="END"><location loc="1.34--1.36"/></term><term lexeme="fun" token="FUN"><location loc="1.38--1.40"/></term><term lexeme="if" token="IF"><location loc="1.42--1.43"/></term><term lexeme="int" token="INT"><location loc="1.45--1.47"/></term><term lexeme="new" token="NEW"><location loc="1.49--1.51"/></term><term lexeme="ptr" token="PTR"><location loc="1.53--1.55"/></term><term lexeme="rec" token="REC"><location loc="1.57--1.59"/></term><term lexeme="then" token="THEN"><location loc="1.61--1.64"/></term><term lexeme="typ" token="TYP"><location loc="1.66--1.68"/></term><term lexeme="var" token="VAR"><location loc="1.70--1.72"/></term><term lexeme="void" token="VOID"><location loc="1.74--1.77"/></term><term lexeme="where" token="WHERE"><location loc="1.79--1.83"/></term><term lexeme="while" token="WHILE"><location loc="1.85--1.89"/></term><term lexeme="!" token="NOT"><location loc="2.1--2.1"/></term><term lexeme="|" token="IOR"><location loc="2.3--2.3"/></term><term lexeme="^" token="XOR"><location loc="2.5--2.5"/></term><term lexeme="&amp;" token="AND"><location loc="2.7--2.7"/></term><term lexeme="==" token="EQU"><location loc="2.9--2.10"/></term><term lexeme="!=" token="NEQ"><location loc="2.12--2.13"/></term><term lexeme="&lt;=" token="LEQ"><location loc="2.15--2.16"/></term><term lexeme="&gt;=" token="GEQ"><location loc="2.18--2.19"/></term><term lexeme="&lt;" token="LTH"><location loc="2.21--2.21"/></term><term lexeme="&gt;" token="GTH"><location loc="2.23--2.23"/></term><term lexeme="+" token="ADD"><location loc="2.25--2.25"/></term><term lexeme="-" token="SUB"><location loc="2.27--2.27"/></term><term lexeme="*" token="MUL"><location loc="2.29--2.29"/></term><term lexeme="/" token="DIV"><location loc="2.31--2.31"/></term><term lexeme="%" token="MOD"><location loc="2.33--2.33"/></term><term lexeme="$" token="ADDR"><location loc="2.35--2.35"/></term><term lexeme="@" token="DATA"><location loc="2.37--2.37"/></term><term lexeme="=" token="ASSIGN"><location loc="2.39--2.39"/></term><term lexeme="." token="DOT"><location loc="2.41--2.41"/></term><term lexeme="," token="COMMA"><location loc="2.43--2.43"/></term><term lexeme=":" token="COLON"><location loc="2.45--2.45"/></term><term lexeme=";" token="SEMIC"><location loc="2.47--2.47"/></term><term lexeme="[" token="LBRACKET"><location loc="2.49--2.49"/></term><term lexeme="]" token="RBRACKET"><location loc="2.51--2.51"/></term><term lexeme="(" token="LPARENTHESIS"><location loc="2.53--2.53"/></term><term lexeme=")" token="RPARENTHESIS"><location loc="2.55--2.55"/></term><term lexeme="{" token="LBRACE"><location loc="2.57--2.57"/></term><term lexeme="}" token="RBRACE"><location loc="2.59--2.59"/></term><term lexeme="nel" token="IDENTIFIER"><location loc="2.61--2.63"/></term></lexan>