<?xml version="1.0" encoding="UTF-8" standalone="no"?><?xml-stylesheet type="text/xsl" href="../../data/lexan.xsl"?><lexan><term lexeme="fun" token="FUN"><location loc="1.1--1.3"/></term><term lexeme="if" token="IF"><location loc="1.5--1.6"/></term><term lexeme="int" token="INT"><location loc="1.8--1.10"/></term><term lexeme="nekej" token="IDENTIFIER"><location loc="1.12--1.16"/></term><term lexeme="vla" token="IDENTIFIER"><location loc="1.18--1.20"/></term><term lexeme="&quot;nekej&quot;" token="STRCONST"><location loc="2.9--2.15"/></term><term lexeme="156" token="INTCONST"><location loc="2.16--2.18"/></term><term lexeme="$" token="DATA"><location loc="2.20--2.20"/></term><term lexeme="%" token="MOD"><location loc="2.21--2.21"/></term><term lexeme="end" token="END"><location loc="2.23--2.25"/></term><term lexeme="rec" token="REC"><location loc="3.2--3.4"/></term><term lexeme="'5'" token="CHARCONST"><location loc="4.2--4.4"/></term><term lexeme="none" token="VOIDCONST"><location loc="4.6--4.9"/></term><term lexeme="false" token="BOOLCONST"><location loc="4.11--4.15"/></term><term lexeme="aw895" token="IDENTIFIER"><location loc="4.17--4.21"/></term><term lexeme="[" token="RBRACKET"><location loc="4.22--4.22"/></term><term lexeme="]" token="RBRACKET"><location loc="4.23--4.23"/></term></lexan>